<?xml version="1.0" encoding="UTF-8"?>
<testsuite name="ohtu.MultiplierTest" tests="1" skipped="0" failures="0" errors="0" timestamp="2020-11-08T14:19:08" hostname="Jenna-MacBook-Air.local" time="0.003">
  <properties/>
  <testcase name="kertominenToimii" classname="ohtu.MultiplierTest" time="0.003"/>
  <system-out><![CDATA[]]></system-out>
  <system-err><![CDATA[]]></system-err>
</testsuite>
